 INFO doPost:45 - zxcvbnmqqwer
 INFO doGet:29 - asdsfgbkbmlqweqwe
 INFO doPost:39 - Execute method doPost.
 INFO doGet:29 - Execute method doGet.
 INFO doGet:29 - Execute method doGet.
 INFO doGet:29 - Execute method doGet.
 INFO doGet:29 - Execute method doGet.
 INFO doGet:29 - Execute method doGet.
 INFO doGet:29 - Execute method doGet.
 INFO doGet:29 - Execute method doGet.
 INFO doGet:29 - Execute method doGet.
 INFO doPost:39 - Execute method doPost.
 INFO doPost:39 - Execute method doPost.
 INFO doGet:29 - Execute method doGet.
 INFO doGet:29 - Execute method doGet.
 INFO doPost:39 - Execute method doPost.
 INFO doGet:29 - Execute method doGet.
 INFO doPost:39 - Execute method doPost.
 INFO doGet:29 - Execute method doGet.
 INFO doPost:39 - Execute method doPost.
 INFO doPost:39 - Execute method doPost.
 INFO doPost:39 - Execute method doPost.
 INFO doPost:39 - Execute method doPost.
 INFO doPost:39 - Execute method doPost.
 INFO doPost:39 - Execute method doPost.
 INFO doPost:39 - Execute method doPost.
 INFO doPost:39 - Execute method doPost.
 INFO doPost:39 - Execute method doPost.
 INFO doGet:29 - Execute method doGet.
 INFO doPost:39 - Execute method doPost.
 INFO doPost:39 - Execute method doPost.
 INFO doGet:29 - Execute method doGet.
 INFO doGet:29 - Execute method doGet.
 INFO doGet:29 - Execute method doGet.
 INFO doPost:39 - Execute method doPost.
 INFO doPost:39 - Execute method doPost.
 INFO doPost:39 - Execute method doPost.
 INFO doPost:39 - Execute method doPost.
 INFO doPost:39 - Execute method doPost.
 INFO doPost:39 - Execute method doPost.
 INFO doPost:39 - Execute method doPost.
 INFO doPost:39 - Execute method doPost.
 INFO doPost:39 - Execute method doPost.
ERROR executePage:44 - exceptions.BankException: Can't connect to database.Caused by: Unknown column 'pswd' in 'field list'
 INFO doPost:39 - Execute method doPost.
 INFO doPost:39 - Execute method doPost.
 INFO doPost:39 - Execute method doPost.
 INFO doPost:39 - Execute method doPost.
 INFO doPost:39 - Execute method doPost.
 INFO doPost:39 - Execute method doPost.
 INFO doPost:39 - Execute method doPost.
 INFO doPost:39 - Execute method doPost.
 INFO doPost:39 - Execute method doPost.
 INFO doPost:39 - Execute method doPost.
 INFO doGet:29 - Execute method doGet.
 INFO doGet:29 - Execute method doGet.
 INFO doGet:29 - Execute method doGet.
 INFO doGet:29 - Execute method doGet.
 INFO doPost:39 - Execute method doPost.
 INFO doPost:39 - Execute method doPost.
 INFO doGet:29 - Execute method doGet.
 INFO doGet:29 - Execute method doGet.
 INFO doPost:39 - Execute method doPost.
 INFO doPost:39 - Execute method doPost.
ERROR executePage:45 - exceptions.BankException: Can't connect to database.Caused by: Unknown column 'balanse' in 'field list'
 INFO doGet:29 - Execute method doGet.
 INFO doPost:39 - Execute method doPost.
 INFO doPost:39 - Execute method doPost.
 INFO doGet:29 - Execute method doGet.
 INFO doPost:39 - Execute method doPost.
 INFO doPost:39 - Execute method doPost.
 INFO doPost:39 - Execute method doPost.
 INFO doGet:29 - Execute method doGet.
 INFO doPost:39 - Execute method doPost.
 INFO doPost:39 - Execute method doPost.
 INFO doGet:29 - Execute method doGet.
 INFO doGet:29 - Execute method doGet.
 INFO doPost:39 - Execute method doPost.
 INFO doPost:39 - Execute method doPost.
 INFO doPost:39 - Execute method doPost.
 INFO doPost:39 - Execute method doPost.
 INFO doPost:39 - Execute method doPost.
 INFO doPost:39 - Execute method doPost.
 INFO doPost:39 - Execute method doPost.
 INFO doPost:39 - Execute method doPost.
 INFO doPost:39 - Execute method doPost.
 INFO doPost:39 - Execute method doPost.
 INFO doPost:39 - Execute method doPost.
 INFO doGet:29 - Execute method doGet.
 INFO doPost:39 - Execute method doPost.
 INFO doPost:39 - Execute method doPost.
 INFO doPost:39 - Execute method doPost.
 INFO doPost:39 - Execute method doPost.
 INFO doPost:39 - Execute method doPost.
 INFO doPost:39 - Execute method doPost.
 INFO doPost:39 - Execute method doPost.
 INFO doPost:39 - Execute method doPost.
 INFO doPost:39 - Execute method doPost.
 INFO doPost:39 - Execute method doPost.
 INFO doGet:29 - Execute method doGet.
 INFO doPost:39 - Execute method doPost.
 INFO doPost:39 - Execute method doPost.
 INFO doPost:39 - Execute method doPost.
 INFO doPost:39 - Execute method doPost.
 INFO doPost:39 - Execute method doPost.
 INFO doPost:39 - Execute method doPost.
 INFO doPost:39 - Execute method doPost.
 INFO doPost:39 - Execute method doPost.
 INFO doPost:39 - Execute method doPost.
 INFO doPost:39 - Execute method doPost.
 INFO doPost:39 - Execute method doPost.
 INFO doPost:39 - Execute method doPost.
 INFO doGet:29 - Execute method doGet.
 INFO doPost:39 - Execute method doPost.
 INFO doPost:40 - Execute method doPost.
 INFO doPost:40 - Execute method doPost.
 INFO doPost:40 - Execute method doPost.
 INFO doPost:40 - Execute method doPost.
 INFO doGet:30 - Execute method doGet.
 INFO doPost:40 - Execute method doPost.
 INFO doPost:40 - Execute method doPost.
 INFO doPost:40 - Execute method doPost.
 INFO doPost:40 - Execute method doPost.
 INFO doPost:40 - Execute method doPost.
 INFO doPost:40 - Execute method doPost.
 INFO doPost:40 - Execute method doPost.
 INFO doGet:30 - Execute method doGet.
 INFO doPost:40 - Execute method doPost.
 INFO doPost:40 - Execute method doPost.
 INFO doPost:40 - Execute method doPost.
 INFO doPost:40 - Execute method doPost.
 INFO doPost:40 - Execute method doPost.
 INFO doPost:40 - Execute method doPost.
 INFO doPost:40 - Execute method doPost.
 INFO doPost:40 - Execute method doPost.
 INFO doPost:40 - Execute method doPost.
 INFO doPost:40 - Execute method doPost.
 INFO doPost:40 - Execute method doPost.
 INFO doPost:40 - Execute method doPost.
 INFO doPost:40 - Execute method doPost.
 INFO doPost:40 - Execute method doPost.
 INFO doGet:30 - Execute method doGet.
 INFO doPost:40 - Execute method doPost.
 INFO doGet:30 - Execute method doGet.
 INFO doPost:40 - Execute method doPost.
 INFO doPost:40 - Execute method doPost.
 INFO doPost:40 - Execute method doPost.
 INFO doPost:40 - Execute method doPost.
 INFO doPost:40 - Execute method doPost.
 INFO doPost:40 - Execute method doPost.
 INFO doGet:30 - Execute method doGet.
 INFO doGet:30 - Execute method doGet.
 INFO doGet:30 - Execute method doGet.
 INFO doPost:40 - Execute method doPost.
 INFO doPost:40 - Execute method doPost.
 INFO doPost:40 - Execute method doPost.
 INFO doGet:30 - Execute method doGet.
 INFO doGet:30 - Execute method doGet.
 INFO doGet:30 - Execute method doGet.
 INFO doGet:30 - Execute method doGet.
 INFO doPost:40 - Execute method doPost.
 INFO doPost:40 - Execute method doPost.
 INFO doPost:40 - Execute method doPost.
 INFO doPost:40 - Execute method doPost.
 INFO doGet:30 - Execute method doGet.
 INFO doPost:40 - Execute method doPost.
 INFO doPost:40 - Execute method doPost.
 INFO doPost:40 - Execute method doPost.
 INFO doPost:40 - Execute method doPost.
 INFO doPost:40 - Execute method doPost.
ERROR executePage:52 - exceptions.BankException: Can't connect to database.Caused by: Unknown column 'accountID' in 'where clause'
 INFO doPost:40 - Execute method doPost.
ERROR executePage:52 - exceptions.BankException: Can't connect to database.Caused by: Unknown column 'accountID' in 'where clause'
 INFO doPost:40 - Execute method doPost.
 INFO doPost:40 - Execute method doPost.
 INFO doPost:40 - Execute method doPost.
 INFO doPost:40 - Execute method doPost.
 INFO doPost:40 - Execute method doPost.
ERROR executePage:52 - exceptions.BankException: Can't connect to database.Caused by: Unknown column 'accountID' in 'where clause'
 INFO doPost:40 - Execute method doPost.
 INFO doPost:40 - Execute method doPost.
 INFO doPost:40 - Execute method doPost.
 INFO doPost:40 - Execute method doPost.
 INFO doPost:40 - Execute method doPost.
 INFO doGet:30 - Execute method doGet.
 INFO doPost:40 - Execute method doPost.
 INFO doGet:30 - Execute method doGet.
 INFO doPost:40 - Execute method doPost.
 INFO doPost:40 - Execute method doPost.
 INFO doPost:40 - Execute method doPost.
 INFO doPost:40 - Execute method doPost.
ERROR executePage:52 - exceptions.BankException: Can't connect to database.Caused by: Unknown column 'accountID' in 'where clause'
 INFO doPost:40 - Execute method doPost.
 INFO doPost:40 - Execute method doPost.
 INFO doPost:40 - Execute method doPost.
 INFO doPost:40 - Execute method doPost.
 INFO doPost:40 - Execute method doPost.
 INFO doPost:40 - Execute method doPost.
 INFO doGet:30 - Execute method doGet.
 INFO doPost:40 - Execute method doPost.
 INFO doPost:40 - Execute method doPost.
 INFO doPost:40 - Execute method doPost.
 INFO doPost:40 - Execute method doPost.
 INFO doPost:40 - Execute method doPost.
 INFO doPost:40 - Execute method doPost.
 INFO doGet:30 - Execute method doGet.
 INFO doPost:40 - Execute method doPost.
 INFO doPost:40 - Execute method doPost.
 INFO doPost:40 - Execute method doPost.
 INFO doPost:40 - Execute method doPost.
 INFO doPost:40 - Execute method doPost.
 INFO doPost:40 - Execute method doPost.
 INFO doPost:40 - Execute method doPost.
 INFO doPost:40 - Execute method doPost.
 INFO doPost:40 - Execute method doPost.
 INFO doPost:40 - Execute method doPost.
 INFO doPost:40 - Execute method doPost.
 INFO doPost:40 - Execute method doPost.
 INFO doPost:40 - Execute method doPost.
 INFO doPost:40 - Execute method doPost.
 INFO doPost:40 - Execute method doPost.
 INFO doPost:40 - Execute method doPost.
 INFO doPost:40 - Execute method doPost.
 INFO doPost:40 - Execute method doPost.
 INFO doPost:40 - Execute method doPost.
 INFO doPost:40 - Execute method doPost.
 INFO doPost:40 - Execute method doPost.
 INFO doPost:40 - Execute method doPost.
 INFO doPost:40 - Execute method doPost.
 INFO doPost:40 - Execute method doPost.
 INFO doPost:40 - Execute method doPost.
 INFO doPost:40 - Execute method doPost.
 INFO doPost:40 - Execute method doPost.
 INFO doPost:40 - Execute method doPost.
 INFO doPost:40 - Execute method doPost.
 INFO doPost:40 - Execute method doPost.
 INFO doPost:40 - Execute method doPost.
 INFO doPost:40 - Execute method doPost.
 INFO doPost:40 - Execute method doPost.
 INFO doPost:40 - Execute method doPost.
 INFO doPost:40 - Execute method doPost.
 INFO doPost:40 - Execute method doPost.
 INFO doPost:40 - Execute method doPost.
 INFO doPost:40 - Execute method doPost.
 INFO doPost:40 - Execute method doPost.
 INFO doPost:40 - Execute method doPost.
 INFO doPost:40 - Execute method doPost.
 INFO doPost:40 - Execute method doPost.
 INFO doPost:40 - Execute method doPost.
 INFO doPost:40 - Execute method doPost.
 INFO doPost:40 - Execute method doPost.
 INFO doPost:40 - Execute method doPost.
 INFO doGet:30 - Execute method doGet.
 INFO doPost:40 - Execute method doPost.
 INFO doPost:40 - Execute method doPost.
 INFO doPost:40 - Execute method doPost.
 INFO doPost:40 - Execute method doPost.
 INFO doPost:40 - Execute method doPost.
 INFO doPost:40 - Execute method doPost.
 INFO doPost:40 - Execute method doPost.
 INFO doPost:40 - Execute method doPost.
 INFO doPost:40 - Execute method doPost.
 INFO doPost:40 - Execute method doPost.
 INFO doPost:40 - Execute method doPost.
 INFO doPost:40 - Execute method doPost.
 INFO doPost:40 - Execute method doPost.
 INFO doPost:40 - Execute method doPost.
 INFO doGet:30 - Execute method doGet.
 INFO doPost:40 - Execute method doPost.
 INFO doGet:30 - Execute method doGet.
 INFO doPost:40 - Execute method doPost.
 INFO doPost:40 - Execute method doPost.
 INFO doPost:40 - Execute method doPost.
 INFO doPost:40 - Execute method doPost.
 INFO doGet:30 - Execute method doGet.
 INFO doPost:40 - Execute method doPost.
 INFO doPost:40 - Execute method doPost.
 INFO doPost:40 - Execute method doPost.
 INFO doPost:40 - Execute method doPost.
 INFO doPost:40 - Execute method doPost.
 INFO doPost:40 - Execute method doPost.
 INFO doPost:40 - Execute method doPost.
 INFO doPost:40 - Execute method doPost.
 INFO doPost:40 - Execute method doPost.
 INFO doPost:40 - Execute method doPost.
 INFO doPost:40 - Execute method doPost.
 INFO doPost:40 - Execute method doPost.
 INFO doGet:30 - Execute method doGet.
 INFO doPost:40 - Execute method doPost.
 INFO doGet:30 - Execute method doGet.
 INFO doPost:40 - Execute method doPost.
 INFO doGet:30 - Execute method doGet.
 INFO doPost:40 - Execute method doPost.
 INFO doPost:40 - Execute method doPost.
 INFO doPost:40 - Execute method doPost.
 INFO doPost:40 - Execute method doPost.
 INFO doPost:40 - Execute method doPost.
 INFO doPost:40 - Execute method doPost.
 INFO doGet:30 - Execute method doGet.
 INFO doPost:40 - Execute method doPost.
 INFO doGet:30 - Execute method doGet.
 INFO doPost:40 - Execute method doPost.
 INFO doPost:40 - Execute method doPost.
 INFO doPost:40 - Execute method doPost.
 INFO doPost:40 - Execute method doPost.
 INFO doPost:44 - Execute method doPost.
 INFO doPost:44 - Execute method doPost.
 INFO doPost:44 - Execute method doPost.
 INFO doPost:44 - Execute method doPost.
 INFO doGet:33 - Execute method doGet.
 INFO doGet:33 - Execute method doGet.
 INFO doPost:44 - Execute method doPost.
 INFO doGet:33 - Execute method doGet.
 INFO doGet:33 - Execute method doGet.
 INFO doPost:44 - Execute method doPost.
 INFO doGet:33 - Execute method doGet.
 INFO doGet:33 - Execute method doGet.
 INFO doGet:33 - Execute method doGet.
 INFO doGet:33 - Execute method doGet.
 INFO doGet:33 - Execute method doGet.
 INFO doPost:44 - Execute method doPost.
 INFO doGet:33 - Execute method doGet.
 INFO doPost:44 - Execute method doPost.
 INFO doGet:33 - Execute method doGet.
 INFO doGet:33 - Execute method doGet.
 INFO doPost:44 - Execute method doPost.
 INFO doPost:44 - Execute method doPost.
 INFO doPost:44 - Execute method doPost.
 INFO doPost:44 - Execute method doPost.
 INFO doPost:44 - Execute method doPost.
 INFO doPost:44 - Execute method doPost.
 INFO doPost:44 - Execute method doPost.
 INFO doPost:44 - Execute method doPost.
 INFO doPost:44 - Execute method doPost.
 INFO doPost:44 - Execute method doPost.
 INFO doPost:44 - Execute method doPost.
 INFO doPost:44 - Execute method doPost.
 INFO doPost:44 - Execute method doPost.
 INFO doPost:44 - Execute method doPost.
 INFO doPost:44 - Execute method doPost.
 INFO doPost:44 - Execute method doPost.
 INFO doPost:44 - Execute method doPost.
 INFO doPost:44 - Execute method doPost.
 INFO doPost:44 - Execute method doPost.
 INFO doPost:44 - Execute method doPost.
 INFO doPost:44 - Execute method doPost.
 INFO doPost:44 - Execute method doPost.
 INFO doPost:44 - Execute method doPost.
 INFO doPost:44 - Execute method doPost.
 INFO doPost:44 - Execute method doPost.
 INFO doPost:44 - Execute method doPost.
 INFO doPost:44 - Execute method doPost.
 INFO doPost:44 - Execute method doPost.
 INFO doPost:44 - Execute method doPost.
 INFO doPost:44 - Execute method doPost.
 INFO doPost:44 - Execute method doPost.
 INFO doGet:33 - Execute method doGet.
 INFO doPost:44 - Execute method doPost.
 INFO doPost:44 - Execute method doPost.
 INFO doPost:44 - Execute method doPost.
 INFO doPost:44 - Execute method doPost.
 INFO doPost:44 - Execute method doPost.
 INFO doPost:44 - Execute method doPost.
 INFO doPost:44 - Execute method doPost.
 INFO doPost:44 - Execute method doPost.
 INFO doPost:44 - Execute method doPost.
 INFO doPost:44 - Execute method doPost.
 INFO doPost:44 - Execute method doPost.
 INFO doPost:44 - Execute method doPost.
 INFO doPost:44 - Execute method doPost.
 INFO doPost:44 - Execute method doPost.
 INFO doPost:44 - Execute method doPost.
 INFO doPost:44 - Execute method doPost.
 INFO doPost:44 - Execute method doPost.
 INFO doPost:44 - Execute method doPost.
 INFO doPost:44 - Execute method doPost.
 INFO doPost:44 - Execute method doPost.
 INFO doPost:44 - Execute method doPost.
 INFO doPost:44 - Execute method doPost.
 INFO doPost:44 - Execute method doPost.
 INFO doPost:44 - Execute method doPost.
 INFO doPost:44 - Execute method doPost.
 INFO doPost:44 - Execute method doPost.
 INFO doPost:44 - Execute method doPost.
 INFO doPost:44 - Execute method doPost.
 INFO doPost:44 - Execute method doPost.
 INFO doPost:44 - Execute method doPost.
 INFO doPost:44 - Execute method doPost.
 INFO doPost:44 - Execute method doPost.
 INFO doPost:44 - Execute method doPost.
 INFO doPost:44 - Execute method doPost.
 INFO doPost:44 - Execute method doPost.
 INFO doPost:44 - Execute method doPost.
 INFO doPost:44 - Execute method doPost.
 INFO doGet:33 - Execute method doGet.
 INFO doPost:44 - Execute method doPost.
 INFO doPost:44 - Execute method doPost.
 INFO doGet:33 - Execute method doGet.
 INFO doGet:33 - Execute method doGet.
 INFO doGet:33 - Execute method doGet.
 INFO doGet:33 - Execute method doGet.
 INFO doGet:33 - Execute method doGet.
 INFO doPost:44 - Execute method doPost.
 INFO doPost:44 - Execute method doPost.
 INFO doPost:44 - Execute method doPost.
 INFO doGet:33 - Execute method doGet.
 INFO doGet:33 - Execute method doGet.
 INFO doPost:44 - Execute method doPost.
 INFO doGet:33 - Execute method doGet.
 INFO doGet:33 - Execute method doGet.
 INFO doGet:33 - Execute method doGet.
 INFO doGet:33 - Execute method doGet.
 INFO doGet:33 - Execute method doGet.
 INFO doPost:44 - Execute method doPost.
 INFO doGet:33 - Execute method doGet.
 INFO doPost:44 - Execute method doPost.
 INFO doPost:44 - Execute method doPost.
 INFO doPost:44 - Execute method doPost.
 INFO doGet:33 - Execute method doGet.
 INFO doPost:44 - Execute method doPost.
 INFO doPost:44 - Execute method doPost.
 INFO doPost:44 - Execute method doPost.
 INFO doGet:33 - Execute method doGet.
 INFO doGet:33 - Execute method doGet.
 INFO doGet:33 - Execute method doGet.
 INFO doGet:33 - Execute method doGet.
 INFO doPost:44 - Execute method doPost.
 INFO doPost:44 - Execute method doPost.
 INFO doPost:44 - Execute method doPost.
 INFO doGet:33 - Execute method doGet.
 INFO doPost:44 - Execute method doPost.
 INFO doPost:44 - Execute method doPost.
 INFO doPost:44 - Execute method doPost.
 INFO doPost:44 - Execute method doPost.
 INFO doPost:44 - Execute method doPost.
 INFO doPost:44 - Execute method doPost.
 INFO doPost:44 - Execute method doPost.
 INFO doPost:44 - Execute method doPost.
 INFO doPost:44 - Execute method doPost.
 INFO doPost:44 - Execute method doPost.
 INFO doPost:44 - Execute method doPost.
 INFO doGet:33 - Execute method doGet.
 INFO doPost:44 - Execute method doPost.
 INFO doGet:33 - Execute method doGet.
 INFO doGet:33 - Execute method doGet.
 INFO doPost:44 - Execute method doPost.
 INFO doPost:44 - Execute method doPost.
 INFO doPost:44 - Execute method doPost.
 INFO doPost:44 - Execute method doPost.
 INFO doPost:44 - Execute method doPost.
 INFO doPost:44 - Execute method doPost.
 INFO doGet:33 - Execute method doGet.
 INFO doPost:44 - Execute method doPost.
 INFO doGet:33 - Execute method doGet.
 INFO doGet:33 - Execute method doGet.
 INFO doPost:44 - Execute method doPost.
 INFO doPost:44 - Execute method doPost.
 INFO doGet:33 - Execute method doGet.
 INFO doPost:44 - Execute method doPost.
 INFO doPost:44 - Execute method doPost.
 INFO doPost:44 - Execute method doPost.
 INFO doGet:33 - Execute method doGet.
 INFO doPost:44 - Execute method doPost.
 INFO doPost:44 - Execute method doPost.
 INFO doGet:33 - Execute method doGet.
 INFO doPost:44 - Execute method doPost.
 INFO doPost:44 - Execute method doPost.
 INFO doPost:44 - Execute method doPost.
 INFO doGet:33 - Execute method doGet.
 INFO doPost:44 - Execute method doPost.
 INFO doPost:44 - Execute method doPost.
 INFO doGet:33 - Execute method doGet.
 INFO doPost:44 - Execute method doPost.
 INFO doPost:44 - Execute method doPost.
 INFO doGet:33 - Execute method doGet.
 INFO doGet:33 - Execute method doGet.
 INFO doGet:33 - Execute method doGet.
 INFO doPost:44 - Execute method doPost.
 INFO doPost:44 - Execute method doPost.
 INFO doPost:44 - Execute method doPost.
 INFO doPost:44 - Execute method doPost.
 INFO doPost:44 - Execute method doPost.
 INFO doPost:44 - Execute method doPost.
 INFO doPost:44 - Execute method doPost.
 INFO doPost:44 - Execute method doPost.
 INFO doPost:44 - Execute method doPost.
 INFO doPost:44 - Execute method doPost.
 INFO doPost:44 - Execute method doPost.
 INFO doGet:33 - Execute method doGet.
 INFO doGet:33 - Execute method doGet.
 INFO doPost:44 - Execute method doPost.
 INFO doPost:44 - Execute method doPost.
 INFO doPost:44 - Execute method doPost.
 INFO doGet:33 - Execute method doGet.
ERROR sumFromInterval:65 - java.lang.IllegalArgumentException
ERROR sumFromInterval:66 - java.lang.IllegalArgumentException
 INFO doGet:33 - Execute method doGet.
 INFO doPost:43 - Execute method doPost.
 INFO doPost:43 - Execute method doPost.
 INFO doGet:32 - Execute method doGet.
 INFO doGet:32 - Execute method doGet.
 INFO doPost:43 - Execute method doPost.
 INFO doGet:32 - Execute method doGet.
 INFO doPost:43 - Execute method doPost.
 INFO doPost:43 - Execute method doPost.
 INFO doPost:43 - Execute method doPost.
ERROR executePage:48 - exceptions.DAOException: Can't connect to database.Caused by: Communications link failure due to underlying exception: 

** BEGIN NESTED EXCEPTION ** 

java.net.SocketException
MESSAGE: Software caused connection abort: socket write error

STACKTRACE:

java.net.SocketException: Software caused connection abort: socket write error
	at java.net.SocketOutputStream.socketWrite0(Native Method)
	at java.net.SocketOutputStream.socketWrite(SocketOutputStream.java:109)
	at java.net.SocketOutputStream.write(SocketOutputStream.java:153)
	at java.io.BufferedOutputStream.flushBuffer(BufferedOutputStream.java:82)
	at java.io.BufferedOutputStream.flush(BufferedOutputStream.java:140)
	at com.mysql.jdbc.MysqlIO.send(MysqlIO.java:2739)
	at com.mysql.jdbc.MysqlIO.send(MysqlIO.java:2650)
	at com.mysql.jdbc.MysqlIO.sendCommand(MysqlIO.java:1581)
	at com.mysql.jdbc.MysqlIO.sqlQueryDirect(MysqlIO.java:1695)
	at com.mysql.jdbc.Connection.execSQL(Connection.java:3026)
	at com.mysql.jdbc.PreparedStatement.executeInternal(PreparedStatement.java:1137)
	at com.mysql.jdbc.PreparedStatement.executeQuery(PreparedStatement.java:1231)
	at model.DAO.DAOUser.authorization(DAOUser.java:110)
	at command.ServiceLoginPage.executePage(ServiceLoginPage.java:30)
	at controller.ServletController.doPost(ServletController.java:38)
	at javax.servlet.http.HttpServlet.service(HttpServlet.java:644)
	at javax.servlet.http.HttpServlet.service(HttpServlet.java:725)
	at org.apache.catalina.core.ApplicationFilterChain.internalDoFilter(ApplicationFilterChain.java:291)
	at org.apache.catalina.core.ApplicationFilterChain.doFilter(ApplicationFilterChain.java:206)
	at org.apache.tomcat.websocket.server.WsFilter.doFilter(WsFilter.java:52)
	at org.apache.catalina.core.ApplicationFilterChain.internalDoFilter(ApplicationFilterChain.java:239)
	at org.apache.catalina.core.ApplicationFilterChain.doFilter(ApplicationFilterChain.java:206)
	at filters.CheckFullFieldsFilter.doFilter(CheckFullFieldsFilter.java:37)
	at org.apache.catalina.core.ApplicationFilterChain.internalDoFilter(ApplicationFilterChain.java:239)
	at org.apache.catalina.core.ApplicationFilterChain.doFilter(ApplicationFilterChain.java:206)
	at org.apache.catalina.core.StandardWrapperValve.invoke(StandardWrapperValve.java:219)
	at org.apache.catalina.core.StandardContextValve.invoke(StandardContextValve.java:106)
	at org.apache.catalina.authenticator.AuthenticatorBase.invoke(AuthenticatorBase.java:501)
	at org.apache.catalina.core.StandardHostValve.invoke(StandardHostValve.java:142)
	at org.apache.catalina.valves.ErrorReportValve.invoke(ErrorReportValve.java:79)
	at org.apache.catalina.valves.AbstractAccessLogValve.invoke(AbstractAccessLogValve.java:610)
	at org.apache.catalina.core.StandardEngineValve.invoke(StandardEngineValve.java:88)
	at org.apache.catalina.connector.CoyoteAdapter.service(CoyoteAdapter.java:537)
	at org.apache.coyote.http11.AbstractHttp11Processor.process(AbstractHttp11Processor.java:1085)
	at org.apache.coyote.AbstractProtocol$AbstractConnectionHandler.process(AbstractProtocol.java:658)
	at org.apache.coyote.http11.Http11NioProtocol$Http11ConnectionHandler.process(Http11NioProtocol.java:222)
	at org.apache.tomcat.util.net.NioEndpoint$SocketProcessor.doRun(NioEndpoint.java:1556)
	at org.apache.tomcat.util.net.NioEndpoint$SocketProcessor.run(NioEndpoint.java:1513)
	at java.util.concurrent.ThreadPoolExecutor.runWorker(ThreadPoolExecutor.java:1145)
	at java.util.concurrent.ThreadPoolExecutor$Worker.run(ThreadPoolExecutor.java:615)
	at org.apache.tomcat.util.threads.TaskThread$WrappingRunnable.run(TaskThread.java:61)
	at java.lang.Thread.run(Thread.java:722)


** END NESTED EXCEPTION **



Last packet sent to the server was 19 ms ago.
ERROR executePage:48 - exceptions.DAOException: Can't connect to database.Caused by: Communications link failure due to underlying exception: 

** BEGIN NESTED EXCEPTION ** 

java.net.SocketException
MESSAGE: Software caused connection abort: socket write error

STACKTRACE:

java.net.SocketException: Software caused connection abort: socket write error
	at java.net.SocketOutputStream.socketWrite0(Native Method)
	at java.net.SocketOutputStream.socketWrite(SocketOutputStream.java:109)
	at java.net.SocketOutputStream.write(SocketOutputStream.java:153)
	at java.io.BufferedOutputStream.flushBuffer(BufferedOutputStream.java:82)
	at java.io.BufferedOutputStream.flush(BufferedOutputStream.java:140)
	at com.mysql.jdbc.MysqlIO.send(MysqlIO.java:2739)
	at com.mysql.jdbc.MysqlIO.send(MysqlIO.java:2650)
	at com.mysql.jdbc.MysqlIO.sendCommand(MysqlIO.java:1581)
	at com.mysql.jdbc.MysqlIO.sqlQueryDirect(MysqlIO.java:1695)
	at com.mysql.jdbc.Connection.execSQL(Connection.java:3026)
	at com.mysql.jdbc.PreparedStatement.executeInternal(PreparedStatement.java:1137)
	at com.mysql.jdbc.PreparedStatement.executeQuery(PreparedStatement.java:1231)
	at model.DAO.DAOUser.authorization(DAOUser.java:110)
	at command.ServiceLoginPage.executePage(ServiceLoginPage.java:30)
	at controller.ServletController.doPost(ServletController.java:38)
	at javax.servlet.http.HttpServlet.service(HttpServlet.java:644)
	at javax.servlet.http.HttpServlet.service(HttpServlet.java:725)
	at org.apache.catalina.core.ApplicationFilterChain.internalDoFilter(ApplicationFilterChain.java:291)
	at org.apache.catalina.core.ApplicationFilterChain.doFilter(ApplicationFilterChain.java:206)
	at org.apache.tomcat.websocket.server.WsFilter.doFilter(WsFilter.java:52)
	at org.apache.catalina.core.ApplicationFilterChain.internalDoFilter(ApplicationFilterChain.java:239)
	at org.apache.catalina.core.ApplicationFilterChain.doFilter(ApplicationFilterChain.java:206)
	at filters.CheckFullFieldsFilter.doFilter(CheckFullFieldsFilter.java:37)
	at org.apache.catalina.core.ApplicationFilterChain.internalDoFilter(ApplicationFilterChain.java:239)
	at org.apache.catalina.core.ApplicationFilterChain.doFilter(ApplicationFilterChain.java:206)
	at org.apache.catalina.core.StandardWrapperValve.invoke(StandardWrapperValve.java:219)
	at org.apache.catalina.core.StandardContextValve.invoke(StandardContextValve.java:106)
	at org.apache.catalina.authenticator.AuthenticatorBase.invoke(AuthenticatorBase.java:501)
	at org.apache.catalina.core.StandardHostValve.invoke(StandardHostValve.java:142)
	at org.apache.catalina.valves.ErrorReportValve.invoke(ErrorReportValve.java:79)
	at org.apache.catalina.valves.AbstractAccessLogValve.invoke(AbstractAccessLogValve.java:610)
	at org.apache.catalina.core.StandardEngineValve.invoke(StandardEngineValve.java:88)
	at org.apache.catalina.connector.CoyoteAdapter.service(CoyoteAdapter.java:537)
	at org.apache.coyote.http11.AbstractHttp11Processor.process(AbstractHttp11Processor.java:1085)
	at org.apache.coyote.AbstractProtocol$AbstractConnectionHandler.process(AbstractProtocol.java:658)
	at org.apache.coyote.http11.Http11NioProtocol$Http11ConnectionHandler.process(Http11NioProtocol.java:222)
	at org.apache.tomcat.util.net.NioEndpoint$SocketProcessor.doRun(NioEndpoint.java:1556)
	at org.apache.tomcat.util.net.NioEndpoint$SocketProcessor.run(NioEndpoint.java:1513)
	at java.util.concurrent.ThreadPoolExecutor.runWorker(ThreadPoolExecutor.java:1145)
	at java.util.concurrent.ThreadPoolExecutor$Worker.run(ThreadPoolExecutor.java:615)
	at org.apache.tomcat.util.threads.TaskThread$WrappingRunnable.run(TaskThread.java:61)
	at java.lang.Thread.run(Thread.java:722)


** END NESTED EXCEPTION **



Last packet sent to the server was 1 ms ago.
ERROR executePage:48 - exceptions.DAOException: Can't connect to database.Caused by: Communications link failure due to underlying exception: 

** BEGIN NESTED EXCEPTION ** 

java.net.SocketException
MESSAGE: Software caused connection abort: socket write error

STACKTRACE:

java.net.SocketException: Software caused connection abort: socket write error
	at java.net.SocketOutputStream.socketWrite0(Native Method)
	at java.net.SocketOutputStream.socketWrite(SocketOutputStream.java:109)
	at java.net.SocketOutputStream.write(SocketOutputStream.java:153)
	at java.io.BufferedOutputStream.flushBuffer(BufferedOutputStream.java:82)
	at java.io.BufferedOutputStream.flush(BufferedOutputStream.java:140)
	at com.mysql.jdbc.MysqlIO.send(MysqlIO.java:2739)
	at com.mysql.jdbc.MysqlIO.send(MysqlIO.java:2650)
	at com.mysql.jdbc.MysqlIO.sendCommand(MysqlIO.java:1581)
	at com.mysql.jdbc.MysqlIO.sqlQueryDirect(MysqlIO.java:1695)
	at com.mysql.jdbc.Connection.execSQL(Connection.java:3026)
	at com.mysql.jdbc.PreparedStatement.executeInternal(PreparedStatement.java:1137)
	at com.mysql.jdbc.PreparedStatement.executeQuery(PreparedStatement.java:1231)
	at model.DAO.DAOUser.authorization(DAOUser.java:110)
	at command.ServiceLoginPage.executePage(ServiceLoginPage.java:30)
	at controller.ServletController.doPost(ServletController.java:38)
	at javax.servlet.http.HttpServlet.service(HttpServlet.java:644)
	at javax.servlet.http.HttpServlet.service(HttpServlet.java:725)
	at org.apache.catalina.core.ApplicationFilterChain.internalDoFilter(ApplicationFilterChain.java:291)
	at org.apache.catalina.core.ApplicationFilterChain.doFilter(ApplicationFilterChain.java:206)
	at org.apache.tomcat.websocket.server.WsFilter.doFilter(WsFilter.java:52)
	at org.apache.catalina.core.ApplicationFilterChain.internalDoFilter(ApplicationFilterChain.java:239)
	at org.apache.catalina.core.ApplicationFilterChain.doFilter(ApplicationFilterChain.java:206)
	at filters.CheckFullFieldsFilter.doFilter(CheckFullFieldsFilter.java:37)
	at org.apache.catalina.core.ApplicationFilterChain.internalDoFilter(ApplicationFilterChain.java:239)
	at org.apache.catalina.core.ApplicationFilterChain.doFilter(ApplicationFilterChain.java:206)
	at org.apache.catalina.core.StandardWrapperValve.invoke(StandardWrapperValve.java:219)
	at org.apache.catalina.core.StandardContextValve.invoke(StandardContextValve.java:106)
	at org.apache.catalina.authenticator.AuthenticatorBase.invoke(AuthenticatorBase.java:501)
	at org.apache.catalina.core.StandardHostValve.invoke(StandardHostValve.java:142)
	at org.apache.catalina.valves.ErrorReportValve.invoke(ErrorReportValve.java:79)
	at org.apache.catalina.valves.AbstractAccessLogValve.invoke(AbstractAccessLogValve.java:610)
	at org.apache.catalina.core.StandardEngineValve.invoke(StandardEngineValve.java:88)
	at org.apache.catalina.connector.CoyoteAdapter.service(CoyoteAdapter.java:537)
	at org.apache.coyote.http11.AbstractHttp11Processor.process(AbstractHttp11Processor.java:1085)
	at org.apache.coyote.AbstractProtocol$AbstractConnectionHandler.process(AbstractProtocol.java:658)
	at org.apache.coyote.http11.Http11NioProtocol$Http11ConnectionHandler.process(Http11NioProtocol.java:222)
	at org.apache.tomcat.util.net.NioEndpoint$SocketProcessor.doRun(NioEndpoint.java:1556)
	at org.apache.tomcat.util.net.NioEndpoint$SocketProcessor.run(NioEndpoint.java:1513)
	at java.util.concurrent.ThreadPoolExecutor.runWorker(ThreadPoolExecutor.java:1145)
	at java.util.concurrent.ThreadPoolExecutor$Worker.run(ThreadPoolExecutor.java:615)
	at org.apache.tomcat.util.threads.TaskThread$WrappingRunnable.run(TaskThread.java:61)
	at java.lang.Thread.run(Thread.java:722)


** END NESTED EXCEPTION **



Last packet sent to the server was 0 ms ago.
